Using pre-set license
Built from '2021.1/staging' branch; Version is '2021.1.7f1 (d91830b65d9b) revision 14227504'; Using compiler version '192528614'; Build Type 'Release'
OS: 'Windows 10 Pro; OS build 22610.1; Version 2009; 64bit' Language: 'en' Physical Memory: 16338 MB
BatchMode: 1, IsHumanControllingUs: 0, StartBugReporterOnCrash: 0, Is64bit: 1, IsPro: 0

 COMMAND LINE ARGUMENTS:
C:\Program Files\Unity\Hub\Editor\2021.1.7f1\Editor\Unity.exe
-adb2
-batchMode
-noUpm
-name
AssetImportWorker0
-projectPath
C:/Users/eduar/Desktop/Unity Projects/Roguelike-Soulslike
-logFile
Logs/AssetImportWorker0.log
-srvPort
61296
Successfully changed project path to: C:/Users/eduar/Desktop/Unity Projects/Roguelike-Soulslike
C:/Users/eduar/Desktop/Unity Projects/Roguelike-Soulslike
Using Asset Import Pipeline V2.
Refreshing native plugins compatible for Editor in 111.00 ms, found 2 plugins.
Preloading 0 native plugins for Editor in 0.00 ms.
Initialize engine version: 2021.1.7f1 (d91830b65d9b)
[Subsystems] Discovering subsystems at path C:/Program Files/Unity/Hub/Editor/2021.1.7f1/Editor/Data/Resources/UnitySubsystems
[Subsystems] Discovering subsystems at path C:/Users/eduar/Desktop/Unity Projects/Roguelike-Soulslike/Assets
GfxDevice: creating device client; threaded=0; jobified=0
Direct3D:
    Version:  Direct3D 11.0 [level 11.1]
    Renderer: NVIDIA GeForce GTX 1060 6GB (ID=0x1c03)
    Vendor:   NVIDIA
    VRAM:     6052 MB
    Driver:   30.0.14.9709
Initialize mono
Mono path[0] = 'C:/Program Files/Unity/Hub/Editor/2021.1.7f1/Editor/Data/Managed'
Mono path[1] = 'C:/Program Files/Unity/Hub/Editor/2021.1.7f1/Editor/Data/MonoBleedingEdge/lib/mono/unityjit'
Mono config path = 'C:/Program Files/Unity/Hub/Editor/2021.1.7f1/Editor/Data/MonoBleedingEdge/etc'
Using monoOptions --debugger-agent=transport=dt_socket,embedding=1,server=y,suspend=n,address=127.0.0.1:56572
Begin MonoManager ReloadAssembly
Registering precompiled unity dll's ...
Register platform support module: C:/Program Files/Unity/Hub/Editor/2021.1.7f1/Editor/Data/PlaybackEngines/MacStandaloneSupport/UnityEditor.OSXStandalone.Extensions.dll
Register platform support module: C:/Program Files/Unity/Hub/Editor/2021.1.7f1/Editor/Data/PlaybackEngines/WindowsStandaloneSupport/UnityEditor.WindowsStandalone.Extensions.dll
Registered in 0.001726 seconds.
Native extension for WindowsStandalone target not found
Native extension for OSXStandalone target not found
Refreshing native plugins compatible for Editor in 99.03 ms, found 2 plugins.
Preloading 0 native plugins for Editor in 0.00 ms.
Mono: successfully reloaded assembly
- Completed reload, in  1.186 seconds
Platform modules already initialized, skipping
Registering precompiled user dll's ...
Registered in 0.003047 seconds.
Begin MonoManager ReloadAssembly
Symbol file LoadedFromMemory doesn't match image C:\Users\eduar\Desktop\Unity Projects\Roguelike-Soulslike\Library\PackageCache\com.unity.visualscripting@1.6.1\Editor\VisualScripting.Core\Dependencies\YamlDotNet\Unity.VisualScripting.YamlDotNet.dll
Symbol file LoadedFromMemory doesn't match image C:\Users\eduar\Desktop\Unity Projects\Roguelike-Soulslike\Library\PackageCache\com.unity.visualscripting@1.6.1\Editor\VisualScripting.Core\Dependencies\DotNetZip\Unity.VisualScripting.IonicZip.dll
Native extension for WindowsStandalone target not found
Native extension for OSXStandalone target not found
Refreshing native plugins compatible for Editor in 106.28 ms, found 2 plugins.
Preloading 0 native plugins for Editor in 0.00 ms.
Mono: successfully reloaded assembly
- Completed reload, in  1.087 seconds
Platform modules already initialized, skipping
========================================================================
Worker process is ready to serve import requests
Launched and connected shader compiler UnityShaderCompiler.exe after 0.04 seconds
Refreshing native plugins compatible for Editor in 0.75 ms, found 2 plugins.
Preloading 0 native plugins for Editor in 0.00 ms.
Unloading 3815 Unused Serialized files (Serialized files now loaded: 0)
System memory in use before: 219.9 MB.
System memory in use after: 220.1 MB.

Unloading 23 unused Assets to reduce memory usage. Loaded Objects now: 4296.
Total: 2.210200 ms (FindLiveObjects: 0.273600 ms CreateObjectMapping: 0.177300 ms MarkObjects: 1.736800 ms  DeleteObjects: 0.021300 ms)

========================================================================
Received Import Request.
  path: Assets/Tilemap/tileset32PIPO (1).png
  artifactKey: Guid(7bff3bcfe679cb74cbc770521c82c0b8) Importer(815301076,1909f56bfc062723c751e8b465ee728b)
Start importing Assets/Tilemap/tileset32PIPO (1).png using Guid(7bff3bcfe679cb74cbc770521c82c0b8) Importer(815301076,1909f56bfc062723c751e8b465ee728b)  -> (artifact id: 'e1923237fc115d5bbbfd0a1560f711b0') in 0.125040 seconds 
========================================================================
Received Import Request.
  Time since last request: 10.030870 seconds.
  path: Assets/Tilemap/tileset32PIPO (1).png
  artifactKey: Guid(7bff3bcfe679cb74cbc770521c82c0b8) Importer(815301076,1909f56bfc062723c751e8b465ee728b)
Start importing Assets/Tilemap/tileset32PIPO (1).png using Guid(7bff3bcfe679cb74cbc770521c82c0b8) Importer(815301076,1909f56bfc062723c751e8b465ee728b)  -> (artifact id: 'a6a6d28a41d85de190e1c72d8f41b463') in 0.014707 seconds 
========================================================================
Received Import Request.
  Time since last request: 62.333980 seconds.
  path: Assets/Tilemap/tileset32PIPO (1).png
  artifactKey: Guid(7bff3bcfe679cb74cbc770521c82c0b8) Importer(815301076,1909f56bfc062723c751e8b465ee728b)
Start importing Assets/Tilemap/tileset32PIPO (1).png using Guid(7bff3bcfe679cb74cbc770521c82c0b8) Importer(815301076,1909f56bfc062723c751e8b465ee728b)  -> (artifact id: '6fd2b74098892ef63aae438a07961847') in 0.210794 seconds 
========================================================================
Received Import Request.
  Time since last request: 24.884591 seconds.
  path: Assets/Tilemap/Rule Tiles/Dark Dungeon Tile.asset
  artifactKey: Guid(fef4919b218d4824c8a538c60a3e7119) Importer(815301076,1909f56bfc062723c751e8b465ee728b)
Start importing Assets/Tilemap/Rule Tiles/Dark Dungeon Tile.asset using Guid(fef4919b218d4824c8a538c60a3e7119) Importer(815301076,1909f56bfc062723c751e8b465ee728b)  -> (artifact id: '220d606e0aa69a6e68181d5fb8ad4a7c') in 0.019836 seconds 
========================================================================
Received Import Request.
  Time since last request: 19.902445 seconds.
  path: Assets/Tilemap/New Dungeon Tileset.png
  artifactKey: Guid(7bff3bcfe679cb74cbc770521c82c0b8) Importer(815301076,1909f56bfc062723c751e8b465ee728b)
Start importing Assets/Tilemap/New Dungeon Tileset.png using Guid(7bff3bcfe679cb74cbc770521c82c0b8) Importer(815301076,1909f56bfc062723c751e8b465ee728b)  -> (artifact id: 'e32a7dc67b362b2d36eafb23c08de8ff') in 0.201486 seconds 
========================================================================
Received Import Request.
  Time since last request: 20.227906 seconds.
  path: Assets/Tilemap/New Dungeon Tileset.png
  artifactKey: Guid(7bff3bcfe679cb74cbc770521c82c0b8) Importer(815301076,1909f56bfc062723c751e8b465ee728b)
Start importing Assets/Tilemap/New Dungeon Tileset.png using Guid(7bff3bcfe679cb74cbc770521c82c0b8) Importer(815301076,1909f56bfc062723c751e8b465ee728b)  -> (artifact id: '34dc39f5d1f7ff4f4b2e068233120224') in 0.175745 seconds 
========================================================================
Received Import Request.
  Time since last request: 15.619548 seconds.
  path: Assets/Tilemap/New Dungeon Tileset.png
  artifactKey: Guid(7bff3bcfe679cb74cbc770521c82c0b8) Importer(815301076,1909f56bfc062723c751e8b465ee728b)
Start importing Assets/Tilemap/New Dungeon Tileset.png using Guid(7bff3bcfe679cb74cbc770521c82c0b8) Importer(815301076,1909f56bfc062723c751e8b465ee728b)  -> (artifact id: 'bb6198a4953e3e7411bf471ff958ad65') in 0.206872 seconds 
========================================================================
Received Import Request.
  Time since last request: 160.509699 seconds.
  path: Assets/Tilemap/Rule Tiles/Dark Dungeon Tile.asset
  artifactKey: Guid(fef4919b218d4824c8a538c60a3e7119) Importer(815301076,1909f56bfc062723c751e8b465ee728b)
Start importing Assets/Tilemap/Rule Tiles/Dark Dungeon Tile.asset using Guid(fef4919b218d4824c8a538c60a3e7119) Importer(815301076,1909f56bfc062723c751e8b465ee728b)  -> (artifact id: 'ab5e8d88f0a038b5dd2f27e38ff3ff92') in 0.020417 seconds 
========================================================================
Received Import Request.
  Time since last request: 57.475285 seconds.
  path: Assets/Tilemap/Dungeon.prefab
  artifactKey: Guid(cc91504460ae01c43af044def84a88c4) Importer(815301076,1909f56bfc062723c751e8b465ee728b)
Start importing Assets/Tilemap/Dungeon.prefab using Guid(cc91504460ae01c43af044def84a88c4) Importer(815301076,1909f56bfc062723c751e8b465ee728b)  -> (artifact id: '36203dad619571222f158835cf05aacf') in 0.020563 seconds 
========================================================================
Received Import Request.
  Time since last request: 44.880898 seconds.
  path: Assets/Tilemap/Rule Tiles/Reg Dungeon Tile.asset
  artifactKey: Guid(4b705bbce6744b847a7d9231fcc21375) Importer(815301076,1909f56bfc062723c751e8b465ee728b)
Start importing Assets/Tilemap/Rule Tiles/Reg Dungeon Tile.asset using Guid(4b705bbce6744b847a7d9231fcc21375) Importer(815301076,1909f56bfc062723c751e8b465ee728b)  -> (artifact id: 'dc4509e3f121d171c8d2de51184009ab') in 0.007872 seconds 
========================================================================
Received Import Request.
  Time since last request: 67.657279 seconds.
  path: Assets/Tilemap/Rule Tiles/Reg Dungeon Tile.asset
  artifactKey: Guid(4b705bbce6744b847a7d9231fcc21375) Importer(815301076,1909f56bfc062723c751e8b465ee728b)
Start importing Assets/Tilemap/Rule Tiles/Reg Dungeon Tile.asset using Guid(4b705bbce6744b847a7d9231fcc21375) Importer(815301076,1909f56bfc062723c751e8b465ee728b)  -> (artifact id: 'fd46de20845ad5f2f62e79dfbe741e49') in 0.012116 seconds 
========================================================================
Received Import Request.
  Time since last request: 12.704411 seconds.
  path: Assets/Tilemap/Rule Tiles/Dark Dungeon Tile.asset
  artifactKey: Guid(fef4919b218d4824c8a538c60a3e7119) Importer(815301076,1909f56bfc062723c751e8b465ee728b)
Start importing Assets/Tilemap/Rule Tiles/Dark Dungeon Tile.asset using Guid(fef4919b218d4824c8a538c60a3e7119) Importer(815301076,1909f56bfc062723c751e8b465ee728b)  -> (artifact id: 'a915bb5b7002fa33c9461169ced36b36') in 0.013898 seconds 
========================================================================
Received Import Request.
  Time since last request: 96.301245 seconds.
  path: Assets/Prefabs/Weapons/Dagger.prefab
  artifactKey: Guid(8e54f0e827f845b4eb057fbf1f3b1de6) Importer(815301076,1909f56bfc062723c751e8b465ee728b)
Start importing Assets/Prefabs/Weapons/Dagger.prefab using Guid(8e54f0e827f845b4eb057fbf1f3b1de6) Importer(815301076,1909f56bfc062723c751e8b465ee728b)  -> (artifact id: 'b880f085fb6e0d3d6da5e31b7789f6b9') in 0.036561 seconds 
========================================================================
Received Import Request.
  Time since last request: 1.580347 seconds.
  path: Assets/Scripts/Weapons/Melee Weapons/Dagger.cs
  artifactKey: Guid(269b398ecc7b10e4a931e8663035fc64) Importer(815301076,1909f56bfc062723c751e8b465ee728b)
Start importing Assets/Scripts/Weapons/Melee Weapons/Dagger.cs using Guid(269b398ecc7b10e4a931e8663035fc64) Importer(815301076,1909f56bfc062723c751e8b465ee728b)  -> (artifact id: 'f5c297b5cb471ad7543130fc80e7f1fd') in 0.015451 seconds 
